[   91160ms] [INFO] %cDownload the React DevTools for a better development experience: https://react.dev/link/react-devtools font-weight:bold @ http://localhost:3011/_next/static/chunks/node_modules_next_dist_115brz8._.js:2431
[   91228ms] [LOG] [HMR] connected @ http://localhost:3011/_next/static/chunks/node_modules_next_dist_115brz8._.js:2431
[   91273ms] [ERROR] Failed to load resource: the server responded with a status of 404 (Not Found) @ http://localhost:3011/favicon.ico:0
[  167533ms] [LOG] [Fast Refresh] rebuilding @ http://localhost:3011/_next/static/chunks/node_modules_next_dist_115brz8._.js:2431
[  167552ms] [LOG] [Fast Refresh] done in 30ms @ http://localhost:3011/_next/static/chunks/node_modules_next_dist_115brz8._.js:2431
[ 1089865ms] [LOG] [Fast Refresh] rebuilding @ http://localhost:3011/_next/static/chunks/node_modules_next_dist_115brz8._.js:2431
[ 1089894ms] [LOG] [Fast Refresh] done in 17ms @ http://localhost:3011/_next/static/chunks/node_modules_next_dist_115brz8._.js:2431
[ 1663029ms] [LOG] [Fast Refresh] rebuilding @ http://localhost:3011/_next/static/chunks/node_modules_next_dist_115brz8._.js:2431
[ 1663541ms] [LOG] [Fast Refresh] done in 613ms @ http://localhost:3011/_next/static/chunks/node_modules_next_dist_115brz8._.js:2431
[ 1720134ms] [LOG] [Fast Refresh] rebuilding @ http://localhost:3011/_next/static/chunks/node_modules_next_dist_115brz8._.js:2431
[ 1720464ms] [LOG] [Fast Refresh] done in 430ms @ http://localhost:3011/_next/static/chunks/node_modules_next_dist_115brz8._.js:2431
[ 1721273ms] [LOG] [Fast Refresh] rebuilding @ http://localhost:3011/_next/static/chunks/node_modules_next_dist_115brz8._.js:2431
[ 1721364ms] [LOG] [Fast Refresh] done in 192ms @ http://localhost:3011/_next/static/chunks/node_modules_next_dist_115brz8._.js:2431
[ 1725816ms] [LOG] [Fast Refresh] rebuilding @ http://localhost:3011/_next/static/chunks/node_modules_next_dist_115brz8._.js:2431
[ 1726256ms] [LOG] [Fast Refresh] done in 540ms @ http://localhost:3011/_next/static/chunks/node_modules_next_dist_115brz8._.js:2431
[ 1733014ms] [LOG] [Fast Refresh] rebuilding @ http://localhost:3011/_next/static/chunks/node_modules_next_dist_115brz8._.js:2431
[ 1733041ms] [LOG] [Fast Refresh] done in 18ms @ http://localhost:3011/_next/static/chunks/node_modules_next_dist_115brz8._.js:2431
[ 1848683ms] [LOG] [Fast Refresh] rebuilding @ http://localhost:3011/_next/static/chunks/node_modules_next_dist_115brz8._.js:2431
[ 1849067ms] [LOG] [Fast Refresh] done in 484ms @ http://localhost:3011/_next/static/chunks/node_modules_next_dist_115brz8._.js:2431
[ 2065112ms] [LOG] [Fast Refresh] rebuilding @ http://localhost:3011/_next/static/chunks/node_modules_next_dist_115brz8._.js:2431
[ 2065141ms] [LOG] [Fast Refresh] done in 15ms @ http://localhost:3011/_next/static/chunks/node_modules_next_dist_115brz8._.js:2431
[ 2411128ms] [LOG] [Fast Refresh] rebuilding @ http://localhost:3011/_next/static/chunks/node_modules_next_dist_115brz8._.js:2431
[ 2411224ms] [LOG] [Fast Refresh] done in 47ms @ http://localhost:3011/_next/static/chunks/node_modules_next_dist_115brz8._.js:2431
[ 2411336ms] [LOG] [Fast Refresh] rebuilding @ http://localhost:3011/_next/static/chunks/node_modules_next_dist_115brz8._.js:2431
[ 2411338ms] [LOG] [Fast Refresh] done in 103ms @ http://localhost:3011/_next/static/chunks/node_modules_next_dist_115brz8._.js:2431
